<?xml version="1.0" encoding="UTF-8"?>
<!-- Generated by org.testng.reporters.JUnitXMLReporter -->
<testsuite ignored="0" hostname="AB-LPT-HYD-108" failures="0" tests="12" name="Test" time="41.678" errors="0" timestamp="2025-02-13T15:57:13 IST">
  <testcase classname="testBase.BaseClass" name="@AfterMethod tearDown" time="0.006">
    <failure type="org.openqa.selenium.WebDriverException" message="java.io.IOException: Output closed
Build info: version: &amp;apos;4.28.1&amp;apos;, revision: &amp;apos;73f5ad48a2&amp;apos;
System info: os.name: &amp;apos;Windows 10&amp;apos;, os.arch: &amp;apos;amd64&amp;apos;, os.version: &amp;apos;10.0&amp;apos;, java.version: &amp;apos;18.0.1.1&amp;apos;
Driver info: driver.version: ChromiumDriver">
      <![CDATA[org.openqa.selenium.WebDriverException: java.io.IOException: Output closed
Build info: version: '4.28.1', revision: '73f5ad48a2'
System info: os.name: 'Windows 10', os.arch: 'amd64', os.version: '10.0', java.version: '18.0.1.1'
Driver info: driver.version: ChromiumDriver
at org.openqa.selenium.remote.http.jdk.JdkHttpClient$4.send(JdkHttpClient.java:322)
at org.openqa.selenium.remote.http.jdk.JdkHttpClient$4.close(JdkHttpClient.java:341)
at org.openqa.selenium.devtools.Connection.close(Connection.java:226)
at org.openqa.selenium.devtools.DevTools.close(DevTools.java:61)
at java.base/java.util.Optional.ifPresent(Optional.java:178)
at org.openqa.selenium.remote.RemoteWebDriver.quit(RemoteWebDriver.java:439)
at org.openqa.selenium.chromium.ChromiumDriver.quit(ChromiumDriver.java:436)
at testBase.BaseClass.tearDown(BaseClass.java:92)
at java.base/java.util.concurrent.ThreadPoolExecutor.runWorker(ThreadPoolExecutor.java:1136)
at java.base/java.util.concurrent.ThreadPoolExecutor$Worker.run(ThreadPoolExecutor.java:635)
at java.base/java.lang.Thread.run(Thread.java:833)
Caused by: java.io.IOException: Output closed
at java.net.http/jdk.internal.net.http.websocket.WebSocketImpl.sendClose(WebSocketImpl.java:313)
at org.openqa.selenium.remote.http.jdk.JdkHttpClient$4.lambda$send$2(JdkHttpClient.java:287)
at org.openqa.selenium.remote.http.jdk.JdkHttpClient$4.send(JdkHttpClient.java:312)
... 25 more
... Removed 15 stack frames]]>
    </failure>
  </testcase> <!-- @AfterMethod tearDown -->
  <testcase classname="testBase.BaseClass" name="@AfterMethod tearDown" time="0.006">
    <failure type="org.openqa.selenium.WebDriverException" message="java.io.IOException: Output closed
Build info: version: &amp;apos;4.28.1&amp;apos;, revision: &amp;apos;73f5ad48a2&amp;apos;
System info: os.name: &amp;apos;Windows 10&amp;apos;, os.arch: &amp;apos;amd64&amp;apos;, os.version: &amp;apos;10.0&amp;apos;, java.version: &amp;apos;18.0.1.1&amp;apos;
Driver info: driver.version: ChromiumDriver">
      <![CDATA[org.openqa.selenium.WebDriverException: java.io.IOException: Output closed
Build info: version: '4.28.1', revision: '73f5ad48a2'
System info: os.name: 'Windows 10', os.arch: 'amd64', os.version: '10.0', java.version: '18.0.1.1'
Driver info: driver.version: ChromiumDriver
at org.openqa.selenium.remote.http.jdk.JdkHttpClient$4.send(JdkHttpClient.java:322)
at org.openqa.selenium.remote.http.jdk.JdkHttpClient$4.close(JdkHttpClient.java:341)
at org.openqa.selenium.devtools.Connection.close(Connection.java:226)
at org.openqa.selenium.devtools.DevTools.close(DevTools.java:61)
at java.base/java.util.Optional.ifPresent(Optional.java:178)
at org.openqa.selenium.remote.RemoteWebDriver.quit(RemoteWebDriver.java:439)
at org.openqa.selenium.chromium.ChromiumDriver.quit(ChromiumDriver.java:436)
at testBase.BaseClass.tearDown(BaseClass.java:92)
at java.base/java.util.concurrent.ThreadPoolExecutor.runWorker(ThreadPoolExecutor.java:1136)
at java.base/java.util.concurrent.ThreadPoolExecutor$Worker.run(ThreadPoolExecutor.java:635)
at java.base/java.lang.Thread.run(Thread.java:833)
Caused by: java.io.IOException: Output closed
at java.net.http/jdk.internal.net.http.websocket.WebSocketImpl.sendClose(WebSocketImpl.java:313)
at org.openqa.selenium.remote.http.jdk.JdkHttpClient$4.lambda$send$2(JdkHttpClient.java:287)
at org.openqa.selenium.remote.http.jdk.JdkHttpClient$4.send(JdkHttpClient.java:312)
... 25 more
... Removed 15 stack frames]]>
    </failure>
  </testcase> <!-- @AfterMethod tearDown -->
  <testcase classname="testBase.BaseClass" name="@BeforeMethod setup" time="-1.739442417135E9">
    <skipped/>
  </testcase> <!-- @BeforeMethod setup -->
  <testcase classname="testBase.BaseClass" name="@BeforeMethod setup" time="-1.739442417135E9">
    <skipped/>
  </testcase> <!-- @BeforeMethod setup -->
  <testcase classname="testBase.BaseClass" name="@AfterMethod tearDown" time="-1.739442417139E9">
    <skipped/>
  </testcase> <!-- @AfterMethod tearDown -->
  <testcase classname="testBase.BaseClass" name="@BeforeMethod setup" time="-1.739442417139E9">
    <skipped/>
  </testcase> <!-- @BeforeMethod setup -->
  <testcase classname="testBase.BaseClass" name="@AfterMethod tearDown" time="-1.73944241714E9">
    <skipped/>
  </testcase> <!-- @AfterMethod tearDown -->
  <testcase classname="testBase.BaseClass" name="@BeforeMethod setup" time="-1.739442417141E9">
    <skipped/>
  </testcase> <!-- @BeforeMethod setup -->
  <testcase classname="testBase.BaseClass" name="@AfterMethod tearDown" time="-1.739442417143E9">
    <skipped/>
  </testcase> <!-- @AfterMethod tearDown -->
  <testcase classname="testBase.BaseClass" name="@BeforeMethod setup" time="-1.739442417144E9">
    <skipped/>
  </testcase> <!-- @BeforeMethod setup -->
  <testcase classname="testBase.BaseClass" name="@AfterMethod tearDown" time="-1.739442417144E9">
    <skipped/>
  </testcase> <!-- @AfterMethod tearDown -->
  <testcase classname="testBase.BaseClass" name="@BeforeMethod setup" time="-1.739442417146E9">
    <skipped/>
  </testcase> <!-- @BeforeMethod setup -->
  <testcase classname="testBase.BaseClass" name="@AfterMethod tearDown" time="0.241">
    <failure type="java.lang.NullPointerException" message="Cannot invoke &amp;quot;java.lang.Integer.intValue()&amp;quot; because the return value of &amp;quot;org.openqa.selenium.remote.Response.getStatus()&amp;quot; is null">
      <![CDATA[java.lang.NullPointerException: Cannot invoke "java.lang.Integer.intValue()" because the return value of "org.openqa.selenium.remote.Response.getStatus()" is null
at org.openqa.selenium.remote.ErrorHandler.throwIfResponseFailed(ErrorHandler.java:99)
at org.openqa.selenium.remote.RemoteWebDriver.execute(RemoteWebDriver.java:598)
at org.openqa.selenium.remote.RemoteWebDriver.execute(RemoteWebDriver.java:618)
at org.openqa.selenium.remote.RemoteWebDriver.execute(RemoteWebDriver.java:622)
at org.openqa.selenium.remote.RemoteWebDriver.quit(RemoteWebDriver.java:446)
at org.openqa.selenium.chromium.ChromiumDriver.quit(ChromiumDriver.java:436)
at testBase.BaseClass.tearDown(BaseClass.java:92)
at java.base/java.util.concurrent.ThreadPoolExecutor.runWorker(ThreadPoolExecutor.java:1136)
at java.base/java.util.concurrent.ThreadPoolExecutor$Worker.run(ThreadPoolExecutor.java:635)
at java.base/java.lang.Thread.run(Thread.java:833)
... Removed 15 stack frames]]>
    </failure>
  </testcase> <!-- @AfterMethod tearDown -->
  <testcase classname="testBase.BaseClass" name="@BeforeMethod setup" time="-1.739442417367E9">
    <skipped/>
  </testcase> <!-- @BeforeMethod setup -->
  <testcase classname="testBase.BaseClass" name="@AfterMethod tearDown" time="-1.73944241737E9">
    <skipped/>
  </testcase> <!-- @AfterMethod tearDown -->
  <testcase classname="testBase.BaseClass" name="@BeforeMethod setup" time="-1.739442417371E9">
    <skipped/>
  </testcase> <!-- @BeforeMethod setup -->
  <testcase classname="testBase.BaseClass" name="@AfterMethod tearDown" time="-1.739442417374E9">
    <skipped/>
  </testcase> <!-- @AfterMethod tearDown -->
  <testcase classname="testBase.BaseClass" name="@BeforeMethod setup" time="-1.739442417374E9">
    <skipped/>
  </testcase> <!-- @BeforeMethod setup -->
  <testcase classname="testCases.AddEmployeeTest" name="addEmployee" time="13.958">
    <skipped/>
  </testcase> <!-- addEmployee -->
  <testcase classname="testCases.NotExistEmployeeDetailsTest" name="notExistEmployeeDetails" time="11.378">
    <skipped/>
  </testcase> <!-- notExistEmployeeDetails -->
  <testcase classname="testCases.ExistEmployeeDetailsTest" name="existEmployeeDetails" time="9.365">
    <skipped/>
  </testcase> <!-- existEmployeeDetails -->
  <testcase classname="testCases.DeleteEmployeeTest" name="deleteEmployee" time="16.641">
    <skipped/>
  </testcase> <!-- deleteEmployee -->
  <testcase classname="testCases.AddEmployeeTest" name="addEmployee" time="0.001">
    <skipped/>
  </testcase> <!-- addEmployee -->
  <testcase classname="testCases.NotExistEmployeeDetailsTest" name="notExistEmployeeDetails" time="0.003">
    <skipped/>
  </testcase> <!-- notExistEmployeeDetails -->
  <testcase classname="testCases.AddEmployeeTest" name="addEmployee" time="0.002">
    <skipped/>
  </testcase> <!-- addEmployee -->
  <testcase classname="testCases.NotExistEmployeeDetailsTest" name="notExistEmployeeDetails" time="0.002">
    <skipped/>
  </testcase> <!-- notExistEmployeeDetails -->
  <testcase classname="testCases.ExistEmployeeDetailsTest" name="existEmployeeDetails" time="0.001">
    <skipped/>
  </testcase> <!-- existEmployeeDetails -->
  <testcase classname="testCases.ExistEmployeeDetailsTest" name="existEmployeeDetails" time="0.002">
    <skipped/>
  </testcase> <!-- existEmployeeDetails -->
  <testcase classname="testCases.DeleteEmployeeTest" name="deleteEmployee" time="4.281">
    <skipped/>
  </testcase> <!-- deleteEmployee -->
  <testcase classname="testCases.DeleteEmployeeTest" name="deleteEmployee" time="0.003">
    <skipped/>
  </testcase> <!-- deleteEmployee -->
</testsuite> <!-- Test -->
